TN:
SF:src/App.tsx
FN:4,App
FNF:1
FNH:0
FNDA:0,App
DA:1,0
DA:2,0
DA:5,0
DA:12,0
LF:4
LH:0
BRF:0
BRH:0
end_of_record
TN:
SF:src/components/AuditLogs.tsx
FN:5,(anonymous_21)
FN:9,(anonymous_22)
FN:18,(anonymous_25)
FN:22,(anonymous_26)
FN:36,(anonymous_27)
FN:40,(anonymous_28)
FNF:6
FNH:0
FNDA:0,(anonymous_21)
FNDA:0,(anonymous_22)
FNDA:0,(anonymous_25)
FNDA:0,(anonymous_26)
FNDA:0,(anonymous_27)
FNDA:0,(anonymous_28)
DA:1,0
DA:2,0
DA:3,0
DA:5,0
DA:6,0
DA:7,0
DA:9,0
DA:11,0
DA:12,0
DA:13,0
DA:15,0
DA:18,0
DA:19,0
DA:22,0
DA:23,0
DA:24,0
DA:27,0
DA:36,0
DA:40,0
DA:52,0
LF:20
LH:0
BRDA:24,0,0,0
BRDA:24,0,1,0
BRDA:31,1,0,0
BRDA:31,1,1,0
BRDA:33,2,0,0
BRDA:33,2,1,0
BRDA:33,2,2,0
BRDA:44,3,0,0
BRDA:44,3,1,0
BRF:9
BRH:0
end_of_record
TN:
SF:src/components/Calculator.tsx
FN:8,(anonymous_9)
FN:32,(anonymous_10)
FNF:2
FNH:0
FNDA:0,(anonymous_9)
FNDA:0,(anonymous_10)
DA:1,0
DA:2,0
DA:3,0
DA:4,0
DA:5,0
DA:6,0
DA:8,0
DA:10,0
DA:11,0
DA:12,0
DA:13,0
DA:14,0
DA:15,0
DA:16,0
DA:17,0
DA:19,0
DA:32,0
DA:42,0
LF:18
LH:0
BRDA:34,0,0,0
BRDA:34,0,1,0
BRDA:37,1,0,0
BRDA:37,1,1,0
BRF:4
BRH:0
end_of_record
TN:
SF:src/components/Display.tsx
FN:7,(anonymous_3)
FN:8,(anonymous_4)
FNF:2
FNH:0
FNDA:0,(anonymous_3)
FNDA:0,(anonymous_4)
DA:1,0
DA:7,0
DA:8,0
DA:9,0
DA:10,0
DA:13,0
DA:14,0
DA:15,0
DA:21,0
DA:28,0
LF:10
LH:0
BRDA:9,0,0,0
BRDA:14,1,0,0
BRF:2
BRH:0
end_of_record
TN:
SF:src/components/KeyPad/KeyButton.tsx
FN:5,(anonymous_8)
FN:6,(anonymous_9)
FN:11,(anonymous_10)
FN:17,(anonymous_11)
FNF:4
FNH:0
FNDA:0,(anonymous_8)
FNDA:0,(anonymous_9)
FNDA:0,(anonymous_10)
FNDA:0,(anonymous_11)
DA:1,0
DA:4,0
DA:5,0
DA:6,0
DA:7,0
DA:8,0
DA:10,0
DA:11,0
DA:16,0
DA:17,0
DA:22,0
DA:28,0
DA:34,0
DA:42,0
DA:46,0
DA:48,0
LF:16
LH:0
BRDA:8,0,0,0
BRDA:8,0,1,0
BRDA:8,0,2,0
BRDA:8,0,3,0
BRDA:8,0,4,0
BRF:5
BRH:0
end_of_record
TN:
SF:src/components/KeyPad/KeyPad.tsx
FN:6,(anonymous_9)
FN:9,(anonymous_10)
FNF:2
FNH:0
FNDA:0,(anonymous_9)
FNDA:0,(anonymous_10)
DA:1,0
DA:3,0
DA:4,0
DA:6,0
DA:7,0
DA:9,0
DA:21,0
DA:23,0
LF:8
LH:0
BRF:0
BRH:0
end_of_record
TN:
SF:src/components/KeyPad/KeyPadRow.tsx
FN:12,(anonymous_9)
FN:15,(anonymous_10)
FNF:2
FNH:0
FNDA:0,(anonymous_9)
FNDA:0,(anonymous_10)
DA:1,0
DA:3,0
DA:11,0
DA:12,0
DA:13,0
DA:15,0
DA:27,0
DA:29,0
LF:8
LH:0
BRF:0
BRH:0
end_of_record
TN:
SF:src/configs/keypadConfig.ts
FNF:0
FNH:0
DA:3,0
LF:1
LH:0
BRF:0
BRH:0
end_of_record
TN:
SF:src/hooks/useCalculator.ts
FN:4,(anonymous_13)
FN:10,(anonymous_14)
FN:10,(anonymous_15)
FN:18,(anonymous_17)
FN:18,(anonymous_18)
FN:28,(anonymous_20)
FN:38,(anonymous_23)
FN:53,(anonymous_24)
FN:55,(anonymous_25)
FN:55,(anonymous_26)
FN:79,(anonymous_28)
FN:94,(anonymous_31)
FNF:12
FNH:7
FNDA:6,(anonymous_13)
FNDA:3,(anonymous_14)
FNDA:3,(anonymous_15)
FNDA:1,(anonymous_17)
FNDA:1,(anonymous_18)
FNDA:2,(anonymous_20)
FNDA:0,(anonymous_23)
FNDA:0,(anonymous_24)
FNDA:0,(anonymous_25)
FNDA:0,(anonymous_26)
FNDA:0,(anonymous_28)
FNDA:1,(anonymous_31)
DA:1,1
DA:2,1
DA:4,1
DA:5,6
DA:6,6
DA:7,6
DA:8,6
DA:10,6
DA:12,6
DA:14,0
DA:18,6
DA:19,1
DA:20,0
DA:21,0
DA:23,1
DA:25,2
DA:28,7
DA:29,1
DA:30,0
DA:31,0
DA:32,1
DA:33,1
DA:35,2
DA:38,6
DA:39,0
DA:41,0
DA:43,0
DA:45,0
DA:47,0
DA:49,0
DA:53,6
DA:55,6
DA:56,0
DA:58,0
DA:60,0
DA:61,0
DA:62,0
DA:63,0
DA:64,0
DA:67,0
DA:68,0
DA:69,0
DA:70,0
DA:72,0
DA:75,0
DA:76,0
DA:79,6
DA:80,0
DA:82,0
DA:83,0
DA:86,0
DA:87,0
DA:88,0
DA:89,0
DA:90,0
DA:91,0
DA:94,6
DA:95,1
DA:96,1
DA:97,1
DA:98,1
DA:99,1
DA:102,6
LF:63
LH:29
BRDA:19,0,0,0
BRDA:19,0,1,1
BRDA:23,1,0,1
BRDA:23,1,1,0
BRDA:29,2,0,0
BRDA:29,2,1,1
BRDA:32,3,0,1
BRDA:39,4,0,0
BRDA:39,4,1,0
BRDA:39,4,2,0
BRDA:39,4,3,0
BRDA:39,4,4,0
BRDA:60,5,0,0
BRDA:67,6,0,0
BRDA:67,6,1,0
BRDA:82,7,0,0
BRDA:82,8,0,0
BRDA:82,8,1,0
BRF:18
BRH:4
end_of_record
TN:
SF:src/services/auditService.ts
FN:9,(anonymous_13)
FN:15,logEvent
FN:33,fetchAuditHistory
FNF:3
FNH:3
FNDA:2,(anonymous_13)
FNDA:2,logEvent
FNDA:2,fetchAuditHistory
DA:8,1
DA:9,1
DA:10,2
DA:11,2
DA:12,2
DA:15,1
DA:17,2
DA:29,1
DA:33,1
DA:34,2
DA:41,2
DA:42,1
DA:45,1
DA:46,1
LF:14
LH:14
BRDA:34,0,0,2
BRDA:41,1,0,1
BRF:2
BRH:2
end_of_record
